<?xml version="1.0" encoding="UTF-8"?>
<!-- Generated by org.testng.reporters.JUnitReportReporter -->
<testsuite skipped="0" hostname="BPPRODUCTION22" name="testing.FirefoxDriver_Boilerplate" tests="1" failures="0" timestamp="27 Oct 2017 20:57:41 GMT" time="7.598" errors="0">
  <testcase name="tcase4" time="7.598" classname="testing.FirefoxDriver_Boilerplate"/>
</testsuite> <!-- testing.FirefoxDriver_Boilerplate -->
