<?xml version="1.0" encoding="UTF-8"?>
<!-- Generated by org.testng.reporters.JUnitReportReporter -->
<testsuite skipped="0" hostname="BPPRODUCTION22" name="testing.A" tests="1" failures="0" timestamp="27 Oct 2017 20:17:05 GMT" time="7.640" errors="0">
  <testcase name="tcase4" time="7.640" classname="testing.A"/>
</testsuite> <!-- testing.A -->
